This is pdfTeX, Version 3.14159265-2.6-1.40.20 (TeX Live 2019/Debian) (preloaded format=pdflatex 2020.10.17)  2 NOV 2020 23:16
entering extended mode
 restricted \write18 enabled.
 %&-line parsing enabled.
**znajdowanie_potrzeb.tex
(./znajdowanie_potrzeb.tex
LaTeX2e <2020-02-02> patch level 2
L3 programming layer <2020-02-14>
(/usr/share/texlive/texmf-dist/tex/latex/base/report.cls
Document Class: report 2019/12/20 v1.4l Standard LaTeX document class
(/usr/share/texlive/texmf-dist/tex/latex/base/size12.clo
File: size12.clo 2019/12/20 v1.4l Standard LaTeX file (size option)
)
\c@part=\count167
\c@chapter=\count168
\c@section=\count169
\c@subsection=\count170
\c@subsubsection=\count171
\c@paragraph=\count172
\c@subparagraph=\count173
\c@figure=\count174
\c@table=\count175
\abovecaptionskip=\skip47
\belowcaptionskip=\skip48
\bibindent=\dimen134
)
(/usr/share/texlive/texmf-dist/tex/latex/base/inputenc.sty
Package: inputenc 2018/08/11 v1.3c Input encoding file
\inpenc@prehook=\toks14
\inpenc@posthook=\toks15
)
(/usr/share/texlive/texmf-dist/tex/latex/base/fontenc.sty
Package: fontenc 2020/02/11 v2.0o Standard LaTeX package
)
(/usr/share/texlive/texmf-dist/tex/latex/setspace/setspace.sty
Package: setspace 2011/12/19 v6.7a set line spacing
)
(/usr/share/texlive/texmf-dist/tex/latex/titlesec/titlesec.sty
Package: titlesec 2019/10/16 v2.13 Sectioning titles
\ttl@box=\box45
\beforetitleunit=\skip49
\aftertitleunit=\skip50
\ttl@plus=\dimen135
\ttl@minus=\dimen136
\ttl@toksa=\toks16
\titlewidth=\dimen137
\titlewidthlast=\dimen138
\titlewidthfirst=\dimen139
)
(/usr/share/texlive/texmf-dist/tex/latex/graphics/graphicx.sty
Package: graphicx 2019/11/30 v1.2a Enhanced LaTeX Graphics (DPC,SPQR)

(/usr/share/texlive/texmf-dist/tex/latex/graphics/keyval.sty
Package: keyval 2014/10/28 v1.15 key=value parser (DPC)
\KV@toks@=\toks17
)
(/usr/share/texlive/texmf-dist/tex/latex/graphics/graphics.sty
Package: graphics 2019/11/30 v1.4a Standard LaTeX Graphics (DPC,SPQR)

(/usr/share/texlive/texmf-dist/tex/latex/graphics/trig.sty
Package: trig 2016/01/03 v1.10 sin cos tan (DPC)
)
(/usr/share/texlive/texmf-dist/tex/latex/graphics-cfg/graphics.cfg
File: graphics.cfg 2016/06/04 v1.11 sample graphics configuration
)
Package graphics Info: Driver file: pdftex.def on input line 105.

(/usr/share/texlive/texmf-dist/tex/latex/graphics-def/pdftex.def
File: pdftex.def 2018/01/08 v1.0l Graphics/color driver for pdftex
))
\Gin@req@height=\dimen140
\Gin@req@width=\dimen141
)
(/usr/share/texlive/texmf-dist/tex/latex/float/float.sty
Package: float 2001/11/08 v1.3d Float enhancements (AL)
\c@float@type=\count176
\float@exts=\toks18
\float@box=\box46
\@float@everytoks=\toks19
\@floatcapt=\box47
)
(/usr/share/texlive/texmf-dist/tex/latex/caption/caption.sty
Package: caption 2020/01/03 v3.4h Customizing captions (AR)

(/usr/share/texlive/texmf-dist/tex/latex/caption/caption3.sty
Package: caption3 2020/01/03 v1.8h caption3 kernel (AR)
Package caption3 Info: TeX engine: e-TeX on input line 61.
\captionmargin=\dimen142
\captionmargin@=\dimen143
\captionwidth=\dimen144
\caption@tempdima=\dimen145
\caption@indent=\dimen146
\caption@parindent=\dimen147
\caption@hangindent=\dimen148
Package caption Info: Standard document class detected.
)
\c@caption@flags=\count177
\c@continuedfloat=\count178
Package caption Info: float package is loaded.
)
(/usr/share/texlive/texmf-dist/tex/latex/xcolor/xcolor.sty
Package: xcolor 2016/05/11 v2.12 LaTeX color extensions (UK)

(/usr/share/texlive/texmf-dist/tex/latex/graphics-cfg/color.cfg
File: color.cfg 2016/01/02 v1.6 sample color configuration
)
Package xcolor Info: Driver file: pdftex.def on input line 225.
Package xcolor Info: Model `cmy' substituted by `cmy0' on input line 1348.
Package xcolor Info: Model `hsb' substituted by `rgb' on input line 1352.
Package xcolor Info: Model `RGB' extended on input line 1364.
Package xcolor Info: Model `HTML' substituted by `rgb' on input line 1366.
Package xcolor Info: Model `Hsb' substituted by `hsb' on input line 1367.
Package xcolor Info: Model `tHsb' substituted by `hsb' on input line 1368.
Package xcolor Info: Model `HSB' substituted by `hsb' on input line 1369.
Package xcolor Info: Model `Gray' substituted by `gray' on input line 1370.
Package xcolor Info: Model `wave' substituted by `hsb' on input line 1371.
)
(/usr/share/texlive/texmf-dist/tex/latex/l3backend/l3backend-pdfmode.def
File: l3backend-pdfmode.def 2020-02-03 L3 backend support: PDF mode
\l__kernel_color_stack_int=\count179
\l__pdf_internal_box=\box48
)
No file znajdowanie_potrzeb.aux.
\openout1 = `znajdowanie_potrzeb.aux'.

LaTeX Font Info:    Checking defaults for OML/cmm/m/it on input line 28.
LaTeX Font Info:    ... okay on input line 28.
LaTeX Font Info:    Checking defaults for OMS/cmsy/m/n on input line 28.
LaTeX Font Info:    ... okay on input line 28.
LaTeX Font Info:    Checking defaults for OT1/cmr/m/n on input line 28.
LaTeX Font Info:    ... okay on input line 28.
LaTeX Font Info:    Checking defaults for T1/cmr/m/n on input line 28.
LaTeX Font Info:    ... okay on input line 28.
LaTeX Font Info:    Checking defaults for TS1/cmr/m/n on input line 28.
LaTeX Font Info:    ... okay on input line 28.
LaTeX Font Info:    Checking defaults for OMX/cmex/m/n on input line 28.
LaTeX Font Info:    ... okay on input line 28.
LaTeX Font Info:    Checking defaults for U/cmr/m/n on input line 28.
LaTeX Font Info:    ... okay on input line 28.
(/usr/share/texlive/texmf-dist/tex/context/base/mkii/supp-pdf.mkii
[Loading MPS to PDF converter (version 2006.09.02).]
\scratchcounter=\count180
\scratchdimen=\dimen149
\scratchbox=\box49
\nofMPsegments=\count181
\nofMParguments=\count182
\everyMPshowfont=\toks20
\MPscratchCnt=\count183
\MPscratchDim=\dimen150
\MPnumerator=\count184
\makeMPintoPDFobject=\count185
\everyMPtoPDFconversion=\toks21
) (/usr/share/texlive/texmf-dist/tex/latex/epstopdf-pkg/epstopdf-base.sty
Package: epstopdf-base 2020-01-24 v2.11 Base part for package epstopdf
Package epstopdf-base Info: Redefining graphics rule for `.eps' on input line 4
85.

(/usr/share/texlive/texmf-dist/tex/latex/latexconfig/epstopdf-sys.cfg
File: epstopdf-sys.cfg 2010/07/13 v1.3 Configuration of (r)epstopdf for TeX Liv
e
))
Package caption Info: Begin \AtBeginDocument code.
Package caption Info: End \AtBeginDocument code.
LaTeX Font Info:    External font `cmex10' loaded for size
(Font)              <14.4> on input line 31.
LaTeX Font Info:    External font `cmex10' loaded for size
(Font)              <7> on input line 31.

[1

{/var/lib/texmf/fonts/map/pdftex/updmap/pdftex.map}]
Overfull \hbox (14.7041pt too wide) in paragraph at lines 37--38
\T1/cmr/m/n/12 Wst¦p jest zwi¦zªy i przy tym do-brze opisuje prob-lem. Jest nap
isany poprawnym
 []


Overfull \hbox (27.50897pt too wide) in paragraph at lines 45--46
[]\T1/cmr/m/n/12 ^^PNiestety\T1/cmr/bx/n/14.4 , \T1/cmr/m/n/12 zwrotu za-kupów 
mo»na dokona¢ je-dynie przy okaza-niu paragonu.^^Q; 
 []


Overfull \hbox (7.14876pt too wide) in paragraph at lines 49--50
\T1/cmr/m/n/12 Pomimo wymienionych wy»ej bª¦dów, opis jest czytelny i do-brze s
for-muªowany. 
 []


Overfull \hbox (4.99709pt too wide) in paragraph at lines 53--54
\T1/cmr/m/n/12 os-obno, co wymaga ci¡gªego przewi-ja-nia strony pod-czas anal-i
-zowa-nia wyników
 []


Overfull \hbox (9.59401pt too wide) in paragraph at lines 53--54
\T1/cmr/m/n/12 skierowanych do przed-si¦bior-ców zwraca-cie si¦ do anki-etowane
go per Pan/Pani,
 []

[1]
Overfull \hbox (13.04185pt too wide) in paragraph at lines 60--61
\T1/cmr/m/n/12 Zaprzyja¹niona grupa po-daªa 5 in-spiracji. Wynikaj¡ one wprost 
z wymienionych
 []


Overfull \hbox (14.55595pt too wide) in paragraph at lines 64--65
\T1/cmr/m/n/12 Podsumowuj¡c, grupa Tabaczkowych wykon-aªa swoje zadanie ponad p
oprawnie.
 []

[2] [3] (./znajdowanie_potrzeb.aux) ) 
Here is how much of TeX's memory you used:
 3329 strings out of 482559
 49052 string characters out of 5948944
 286963 words of memory out of 5000000
 18396 multiletter control sequences out of 15000+600000
 540056 words of font info for 37 fonts, out of 8000000 for 9000
 372 hyphenation exceptions out of 8191
 41i,6n,42p,847b,224s stack positions out of 5000i,500n,10000p,200000b,80000s
 </home/kacperkingsford/.texlive2019/texmf
-var/fonts/pk/ljfour/jknappen/ec/tcrm1200.600pk> </home/kacperkingsford/.texliv
e2019/texmf-var/fonts/pk/ljfour/jknappen/ec/ecrm1200.600pk> </home/kacperkingsf
ord/.texlive2019/texmf-var/fonts/pk/ljfour/jknappen/ec/ecbx1728.600pk> </home/k
acperkingsford/.texlive2019/texmf-var/fonts/pk/ljfour/jknappen/ec/ecrm1440.600p
k> </home/kacperkingsford/.texlive2019/texmf-var/fonts/pk/ljfour/jknappen/ec/ec
rm1728.600pk> </home/kacperkingsford/.texlive2019/texmf-var/fonts/pk/ljfour/jkn
appen/ec/ecbx1440.600pk> </home/kacperkingsford/.texlive2019/texmf-var/fonts/pk
/ljfour/jknappen/ec/ecbx2488.600pk>
Output written on znajdowanie_potrzeb.pdf (4 pages, 62638 bytes).
PDF statistics:
 216 PDF objects out of 1000 (max. 8388607)
 38 compressed objects within 1 object stream
 0 named destinations out of 1000 (max. 500000)
 1 words of extra memory for PDF output out of 10000 (max. 10000000)

